Build started 7/21/2013 10:01:51 AM.
     1>Project "C:\James\Visual Studio\C++ Program Files\Jarvis_3\Jarvis_3\Jarvis_3.vcxproj" on node 2 (Build target(s)).
     1>ClCompile:
         C:\Program Files (x86)\Microsoft Visual Studio 11.0\VC\bin\CL.exe /c /ZI /nologo /W3 /WX- /Od /Oy- /D WIN32 /D _DEBUG /D _CONSOLE /D _UNICODE /D UNICODE /Gm /EHsc /RTC1 /MDd /GS /fp:precise /Zc:wchar_t /Zc:forScope /Fo"Debug\\" /Fd"Debug\vc110.pdb" /Gd /TP /analyze- /errorReport:prompt Jarvis_3.cpp
         Jarvis_3.cpp
     1>c:\james\visual studio\c++ program files\jarvis_3\jarvis_3\jarvis_3.cpp(510): warning C4244: 'argument' : conversion from 'time_t' to 'unsigned int', possible loss of data
     1>c:\james\visual studio\c++ program files\jarvis_3\jarvis_3\jarvis_3.cpp(521): warning C4244: 'argument' : conversion from 'time_t' to 'unsigned int', possible loss of data
     1>c:\james\visual studio\c++ program files\jarvis_3\jarvis_3\jarvis_3.cpp(532): warning C4244: 'argument' : conversion from 'time_t' to 'unsigned int', possible loss of data
     1>c:\james\visual studio\c++ program files\jarvis_3\jarvis_3\jarvis_3.cpp(543): warning C4244: 'argument' : conversion from 'time_t' to 'unsigned int', possible loss of data
     1>c:\james\visual studio\c++ program files\jarvis_3\jarvis_3\jarvis_3.cpp(591): warning C4996: 'stricmp': The POSIX name for this item is deprecated. Instead, use the ISO C++ conformant name: _stricmp. See online help for details.
                 c:\program files (x86)\microsoft visual studio 11.0\vc\include\string.h(249) : see declaration of 'stricmp'
     1>c:\james\visual studio\c++ program files\jarvis_3\jarvis_3\jarvis_3.cpp(963): warning C4018: '<' : signed/unsigned mismatch
     1>c:\james\visual studio\c++ program files\jarvis_3\jarvis_3\jarvis_3.cpp(973): warning C4018: '<' : signed/unsigned mismatch
     1>c:\james\visual studio\c++ program files\jarvis_3\jarvis_3\jarvis_3.cpp(806): warning C4715: 'Jarvis_3::mountfile' : not all control paths return a value
     1>c:\james\visual studio\c++ program files\jarvis_3\jarvis_3\jarvis_3.cpp(651): warning C4715: 'Jarvis_3::in_file_name_leaving' : not all control paths return a value
     1>c:\james\visual studio\c++ program files\jarvis_3\jarvis_3\jarvis_3.cpp(681): warning C4715: 'Jarvis_3::out_file_name' : not all control paths return a value
       Link:
         C:\Program Files (x86)\Microsoft Visual Studio 11.0\VC\bin\link.exe /ERRORREPORT:PROMPT /OUT:"C:\James\Visual Studio\C++ Program Files\Jarvis_3\Debug\Jarvis_3.exe" /INCREMENTAL /NOLOGO kernel32.lib user32.lib gdi32.lib winspool.lib comdlg32.lib advapi32.lib shell32.lib ole32.lib oleaut32.lib uuid.lib odbc32.lib odbccp32.lib /MANIFEST /MANIFESTUAC:"level='asInvoker' uiAccess='false'" /manifest:embed /DEBUG /PDB:"C:\James\Visual Studio\C++ Program Files\Jarvis_3\Debug\Jarvis_3.pdb" /SUBSYSTEM:CONSOLE /TLBID:1 /DYNAMICBASE /NXCOMPAT /IMPLIB:"C:\James\Visual Studio\C++ Program Files\Jarvis_3\Debug\Jarvis_3.lib" /MACHINE:X86 Debug\Jarvis_3.obj
         Debug\stdafx.obj
         Jarvis_3.vcxproj -> C:\James\Visual Studio\C++ Program Files\Jarvis_3\Debug\Jarvis_3.exe
     1>Done Building Project "C:\James\Visual Studio\C++ Program Files\Jarvis_3\Jarvis_3\Jarvis_3.vcxproj" (Build target(s)).

Build succeeded.

Time Elapsed 00:00:03.05
